[    0.000000] random: get_random_bytes called from start_kernel+0x42/0x4e9 with crng_init=0
[    0.000000] Linux version 4.13.0-46-generic (buildd@lcy01-amd64-002) (gcc version 7.2.0 (Ubuntu 7.2.0-8ubuntu3.2)) #51-Ubuntu SMP Tue Jun 12 12:36:29 UTC 2018 (Ubuntu 4.13.0-46.51-generic 4.13.16)
[    0.000000] Command line: BOOT_IMAGE=/boot/vmlinuz-4.13.0-46-generic root=LABEL=cloudimg-rootfs ro console=tty1 console=ttyS0
[    0.000000] KERNEL supported cpus:
[    0.000000]   Intel GenuineIntel
[    0.000000]   AMD AuthenticAMD
[    0.000000]   Centaur CentaurHauls
[    0.000000] x86/fpu: Supporting XSAVE feature 0x001: 'x87 floating point registers'
[    0.000000] x86/fpu: Supporting XSAVE feature 0x002: 'SSE registers'
[    0.000000] x86/fpu: Supporting XSAVE feature 0x004: 'AVX registers'
[    0.000000] x86/fpu: xstate_offset[2]:  576, xstate_sizes[2]:  256
[    0.000000] x86/fpu: Enabled xstate features 0x7, context size is 832 bytes, using 'standard' format.
[    0.000000] e820: BIOS-provided physical RAM map:
[    0.000000] BIOS-e820: [mem 0x0000000000000000-0x000000000009fbff] usable
[    0.000000] BIOS-e820: [mem 0x000000000009fc00-0x000000000009ffff] reserved
[    0.000000] BIOS-e820: [mem 0x00000000000f0000-0x00000000000fffff] reserved
[    0.000000] BIOS-e820: [mem 0x0000000000100000-0x00000000dffeffff] usable
[    0.000000] BIOS-e820: [mem 0x00000000dfff0000-0x00000000dfffffff] ACPI data
[    0.000000] BIOS-e820: [mem 0x00000000fec00000-0x00000000fec00fff] reserved
[    0.000000] BIOS-e820: [mem 0x00000000fee00000-0x00000000fee00fff] reserved
[    0.000000] BIOS-e820: [mem 0x00000000fffc0000-0x00000000ffffffff] reserved
[    0.000000] BIOS-e820: [mem 0x0000000100000000-0x000000011fffffff] usable
[    0.000000] NX (Execute Disable) protection: active
[    0.000000] random: fast init done
[    0.000000] SMBIOS 2.5 present.
[    0.000000] DMI: innotek GmbH VirtualBox/VirtualBox, BIOS VirtualBox 12/01/2006
[    0.000000] Hypervisor detected: KVM
[    0.000000] tsc: Fast TSC calibration failed
[    0.000000] tsc: Unable to calibrate against PIT
[    0.000000] tsc: No reference (HPET/PMTIMER) available
[    0.000000] e820: last_pfn = 0x120000 max_arch_pfn = 0x400000000
[    0.000000] MTRR: Disabled
[    0.000000] x86/PAT: MTRRs disabled, skipping PAT initialization too.
[    0.000000] CPU MTRRs all blank - virtualized system.
[    0.000000] x86/PAT: Configuration [0-7]: WB  WT  UC- UC  WB  WT  UC- UC  
[    0.000000] e820: last_pfn = 0xdfff0 max_arch_pfn = 0x400000000
[    0.000000] found SMP MP-table at [mem 0x0009fff0-0x0009ffff] mapped at [ffff9069c009fff0]
[    0.000000] Scanning 1 areas for low memory corruption
[    0.000000] RAMDISK: [mem 0x367eb000-0x373ecfff]
[    0.000000] ACPI: Early table checksum verification disabled
[    0.000000] ACPI: RSDP 0x00000000000E0000 000024 (v02 VBOX  )
[    0.000000] ACPI: XSDT 0x00000000DFFF0030 00003C (v01 VBOX   VBOXXSDT 00000001 ASL  00000061)
[    0.000000] ACPI: FACP 0x00000000DFFF00F0 0000F4 (v04 VBOX   VBOXFACP 00000001 ASL  00000061)
[    0.000000] ACPI: DSDT 0x00000000DFFF0470 0021FF (v02 VBOX   VBOXBIOS 00000002 INTL 20100528)
[    0.000000] ACPI: FACS 0x00000000DFFF0200 000040
[    0.000000] ACPI: FACS 0x00000000DFFF0200 000040
[    0.000000] ACPI: APIC 0x00000000DFFF0240 000054 (v02 VBOX   VBOXAPIC 00000001 ASL  00000061)
[    0.000000] ACPI: SSDT 0x00000000DFFF02A0 0001CC (v01 VBOX   VBOXCPUT 00000002 INTL 20100528)
[    0.000000] No NUMA configuration found
[    0.000000] Faking a node at [mem 0x0000000000000000-0x000000011fffffff]
[    0.000000] NODE_DATA(0) allocated [mem 0x11ffd1000-0x11fffbfff]
[    0.000000] kvm-clock: Using msrs 4b564d01 and 4b564d00
[    0.000000] kvm-clock: cpu 0, msr 1:1ff51001, primary cpu clock
[    0.000000] kvm-clock: using sched offset of 3862785560 cycles
[    0.000000] clocksource: kvm-clock: mask: 0xffffffffffffffff max_cycles: 0x1cd42e4dffb, max_idle_ns: 881590591483 ns
[    0.000000] Zone ranges:
[    0.000000]   DMA      [mem 0x0000000000001000-0x0000000000ffffff]
[    0.000000]   DMA32    [mem 0x0000000001000000-0x00000000ffffffff]
[    0.000000]   Normal   [mem 0x0000000100000000-0x000000011fffffff]
[    0.000000]   Device   empty
[    0.000000] Movable zone start for each node
[    0.000000] Early memory node ranges
[    0.000000]   node   0: [mem 0x0000000000001000-0x000000000009efff]
[    0.000000]   node   0: [mem 0x0000000000100000-0x00000000dffeffff]
[    0.000000]   node   0: [mem 0x0000000100000000-0x000000011fffffff]
[    0.000000] Initmem setup node 0 [mem 0x0000000000001000-0x000000011fffffff]
[    0.000000] ACPI: PM-Timer IO Port: 0x4008
[    0.000000] IOAPIC[0]: apic_id 1, version 32, address 0xfec00000, GSI 0-23
[    0.000000] ACPI: INT_SRC_OVR (bus 0 bus_irq 0 global_irq 2 dfl dfl)
[    0.000000] ACPI: INT_SRC_OVR (bus 0 bus_irq 9 global_irq 9 low level)
[    0.000000] Using ACPI (MADT) for SMP configuration information
[    0.000000] smpboot: Allowing 1 CPUs, 0 hotplug CPUs
[    0.000000] PM: Registered nosave memory: [mem 0x00000000-0x00000fff]
[    0.000000] PM: Registered nosave memory: [mem 0x0009f000-0x0009ffff]
[    0.000000] PM: Registered nosave memory: [mem 0x000a0000-0x000effff]
[    0.000000] PM: Registered nosave memory: [mem 0x000f0000-0x000fffff]
[    0.000000] PM: Registered nosave memory: [mem 0xdfff0000-0xdfffffff]
[    0.000000] PM: Registered nosave memory: [mem 0xe0000000-0xfebfffff]
[    0.000000] PM: Registered nosave memory: [mem 0xfec00000-0xfec00fff]
[    0.000000] PM: Registered nosave memory: [mem 0xfec01000-0xfedfffff]
[    0.000000] PM: Registered nosave memory: [mem 0xfee00000-0xfee00fff]
[    0.000000] PM: Registered nosave memory: [mem 0xfee01000-0xfffbffff]
[    0.000000] PM: Registered nosave memory: [mem 0xfffc0000-0xffffffff]
[    0.000000] e820: [mem 0xe0000000-0xfebfffff] available for PCI devices
[    0.000000] Booting paravirtualized kernel on KVM
[    0.000000] clocksource: refined-jiffies: mask: 0xffffffff max_cycles: 0xffffffff, max_idle_ns: 7645519600211568 ns
[    0.000000] setup_percpu: NR_CPUS:8192 nr_cpumask_bits:1 nr_cpu_ids:1 nr_node_ids:1
[    0.000000] percpu: Embedded 45 pages/cpu @ffff906adfc00000 s146584 r8192 d29544 u2097152
[    0.000000] PV qspinlock hash table entries: 256 (order: 0, 4096 bytes)
[    0.000000] Built 1 zonelists in Node order, mobility grouping on.  Total pages: 1032057
[    0.000000] Policy zone: Normal
[    0.000000] Kernel command line: BOOT_IMAGE=/boot/vmlinuz-4.13.0-46-generic root=LABEL=cloudimg-rootfs ro console=tty1 console=ttyS0
[    0.000000] PID hash table entries: 4096 (order: 3, 32768 bytes)
[    0.000000] Memory: 4023160K/4193848K available (12300K kernel code, 2482K rwdata, 4000K rodata, 2376K init, 2372K bss, 170688K reserved, 0K cma-reserved)
[    0.000000] SLUB: HWalign=64, Order=0-3, MinObjects=0, CPUs=1, Nodes=1
[    0.000000] Kernel/User page tables isolation: enabled
[    0.000000] ftrace: allocating 37867 entries in 148 pages
[    0.004000] Hierarchical RCU implementation.
[    0.004000] 	RCU restricting CPUs from NR_CPUS=8192 to nr_cpu_ids=1.
[    0.004000] 	Tasks RCU enabled.
[    0.004000] RCU: Adjusting geometry for rcu_fanout_leaf=16, nr_cpu_ids=1
[    0.004000] NR_IRQS: 524544, nr_irqs: 256, preallocated irqs: 16
[    0.004000] Console: colour VGA+ 80x25
[    0.004000] console [tty1] enabled
[    0.004000] console [ttyS0] enabled
[    0.004000] tsc: Detected 3500.000 MHz processor
[    0.004000] Calibrating delay loop (skipped) preset value.. 7000.00 BogoMIPS (lpj=14000000)
[    0.004000] pid_max: default: 32768 minimum: 301
[    0.004015] ACPI: Core revision 20170531
[    0.008138] ACPI: 2 ACPI AML tables successfully acquired and loaded
[    0.012020] Security Framework initialized
[    0.016006] Yama: becoming mindful.
[    0.020019] AppArmor: AppArmor initialized
[    0.024109] Dentry cache hash table entries: 524288 (order: 10, 4194304 bytes)
[    0.029736] Inode-cache hash table entries: 262144 (order: 9, 2097152 bytes)
[    0.032022] Mount-cache hash table entries: 8192 (order: 4, 65536 bytes)
[    0.034378] Mountpoint-cache hash table entries: 8192 (order: 4, 65536 bytes)
[    0.036207] CPU: Physical Processor ID: 0
[    0.040020] FEATURE SPEC_CTRL Not Present
[    0.044008] mce: CPU supports 0 MCE banks
[    0.048110] process: using mwait in idle threads
[    0.049831] Last level iTLB entries: 4KB 512, 2MB 8, 4MB 8
[    0.052004] Last level dTLB entries: 4KB 512, 2MB 0, 4MB 0, 1GB 4
[    0.053977] Spectre V2 mitigation: Mitigation: Full generic retpoline
[    0.056004] Spectre V2 mitigation: Speculation control IBPB not-supported IBRS not-supported
[    0.056005] Speculative Store Bypass: Vulnerable
[    0.075929] Freeing SMP alternatives memory: 36K
[    0.080116] smpboot: Max logical packages: 1
[    0.084263] x2apic enabled
[    0.085484] Switched APIC routing to physical x2apic.
[    0.089007] ..TIMER: vector=0x30 apic1=0 pin1=2 apic2=-1 pin2=-1
[    0.096000] smpboot: CPU0: Intel(R) Xeon(R) CPU E5-1650 v2 @ 3.50GHz (family: 0x6, model: 0x3e, stepping: 0x4)
[    0.096000] Performance Events: unsupported p6 CPU model 62 no PMU driver, software events only.
[    0.096052] Hierarchical SRCU implementation.
[    0.100084] smp: Bringing up secondary CPUs ...
[    0.101720] smp: Brought up 1 node, 1 CPU
[    0.104004] smpboot: Total of 1 processors activated (7000.00 BogoMIPS)
[    0.108058] devtmpfs: initialized
[    0.109367] x86/mm: Memory block size: 128MB
[    0.111257] evm: security.selinux
[    0.112006] evm: security.SMACK64
[    0.113286] evm: security.SMACK64EXEC
[    0.114641] evm: security.SMACK64TRANSMUTE
[    0.116003] evm: security.SMACK64MMAP
[    0.117299] evm: security.ima
[    0.118381] evm: security.capability
[    0.120086] clocksource: jiffies: mask: 0xffffffff max_cycles: 0xffffffff, max_idle_ns: 7645041785100000 ns
[    0.124016] futex hash table entries: 256 (order: 2, 16384 bytes)
[    0.128058] pinctrl core: initialized pinctrl subsystem
[    0.132100] RTC time: 15:08:31, date: 01/12/19
[    0.136086] NET: Registered protocol family 16
[    0.140183] cpuidle: using governor ladder
[    0.144004] cpuidle: using governor menu
[    0.148003] PCCT header not found.
[    0.152035] ACPI: bus type PCI registered
[    0.153442] acpiphp: ACPI Hot Plug PCI Controller Driver version: 0.5
[    0.156115] PCI: Using configuration type 1 for base access
[    0.160933] HugeTLB registered 2.00 MiB page size, pre-allocated 0 pages
[    0.164141] ACPI: Added _OSI(Module Device)
[    0.168003] ACPI: Added _OSI(Processor Device)
[    0.172003] ACPI: Added _OSI(3.0 _SCP Extensions)
[    0.176002] ACPI: Added _OSI(Processor Aggregator Device)
[    0.180504] ACPI: Executed 1 blocks of module-level executable AML code
[    0.188588] ACPI: Interpreter enabled
[    0.189976] ACPI: (supports S0 S5)
[    0.192003] ACPI: Using IOAPIC for interrupt routing
[    0.196138] PCI: Using host bridge windows from ACPI; if necessary, use "pci=nocrs" and report a bug
[    0.200225] ACPI: Enabled 2 GPEs in block 00 to 07
[    0.210187] ACPI: PCI Root Bridge [PCI0] (domain 0000 [bus 00-ff])
[    0.212008] acpi PNP0A03:00: _OSC: OS supports [ASPM ClockPM Segments MSI]
[    0.216024] acpi PNP0A03:00: _OSC: not requesting OS control; OS requires [ExtendedConfig ASPM ClockPM MSI]
[    0.220011] acpi PNP0A03:00: fail to add MMCONFIG information, can't access extended PCI configuration space under this bridge.
[    0.224502] PCI host bridge to bus 0000:00
[    0.228004] pci_bus 0000:00: root bus resource [io  0x0000-0x0cf7 window]
[    0.232005] pci_bus 0000:00: root bus resource [io  0x0d00-0xffff window]
[    0.236006] pci_bus 0000:00: root bus resource [mem 0x000a0000-0x000bffff window]
[    0.240005] pci_bus 0000:00: root bus resource [mem 0xe0000000-0xfdffffff window]
[    0.244005] pci_bus 0000:00: root bus resource [bus 00-ff]
[    0.256039] pci 0000:00:01.1: legacy IDE quirk: reg 0x10: [io  0x01f0-0x01f7]
[    0.260005] pci 0000:00:01.1: legacy IDE quirk: reg 0x14: [io  0x03f6]
[    0.262088] pci 0000:00:01.1: legacy IDE quirk: reg 0x18: [io  0x0170-0x0177]
[    0.264003] pci 0000:00:01.1: legacy IDE quirk: reg 0x1c: [io  0x0376]
[    0.299573] pci 0000:00:07.0: quirk: [io  0x4000-0x403f] claimed by PIIX4 ACPI
[    0.300026] pci 0000:00:07.0: quirk: [io  0x4100-0x410f] claimed by PIIX4 SMB
[    0.321115] ACPI: PCI Interrupt Link [LNKA] (IRQs 5 9 10 *11)
[    0.324243] ACPI: PCI Interrupt Link [LNKB] (IRQs 5 9 *10 11)
[    0.328150] ACPI: PCI Interrupt Link [LNKC] (IRQs 5 *9 10 11)
[    0.332130] ACPI: PCI Interrupt Link [LNKD] (IRQs 5 9 10 *11)
[    0.336392] SCSI subsystem initialized
[    0.340137] pci 0000:00:02.0: vgaarb: setting as boot VGA device
[    0.344000] pci 0000:00:02.0: vgaarb: VGA device added: decodes=io+mem,owns=io+mem,locks=none
[    0.344005] pci 0000:00:02.0: vgaarb: bridge control possible
[    0.345909] vgaarb: loaded
[    0.348035] ACPI: bus type USB registered
[    0.352019] usbcore: registered new interface driver usbfs
[    0.356013] usbcore: registered new interface driver hub
[    0.360016] usbcore: registered new device driver usb
[    0.364058] EDAC MC: Ver: 3.0.0
[    0.368433] PCI: Using ACPI for IRQ routing
[    0.372455] NetLabel: Initializing
[    0.373837] NetLabel:  domain hash size = 128
[    0.376002] NetLabel:  protocols = UNLABELED CIPSOv4 CALIPSO
[    0.377887] NetLabel:  unlabeled traffic allowed by default
[    0.380112] clocksource: Switched to clocksource kvm-clock
[    0.393417] VFS: Disk quotas dquot_6.6.0
[    0.405647] VFS: Dquot-cache hash table entries: 512 (order 0, 4096 bytes)
[    0.416451] AppArmor: AppArmor Filesystem Enabled
[    0.424220] pnp: PnP ACPI init
[    0.426631] pnp: PnP ACPI: found 3 devices
[    0.441398] clocksource: acpi_pm: mask: 0xffffff max_cycles: 0xffffff, max_idle_ns: 2085701024 ns
[    0.446038] NET: Registered protocol family 2
[    0.450009] TCP established hash table entries: 32768 (order: 6, 262144 bytes)
[    0.455991] TCP bind hash table entries: 32768 (order: 7, 524288 bytes)
[    0.466165] TCP: Hash tables configured (established 32768 bind 32768)
[    0.476139] UDP hash table entries: 2048 (order: 4, 65536 bytes)
[    0.478108] UDP-Lite hash table entries: 2048 (order: 4, 65536 bytes)
[    0.505856] NET: Registered protocol family 1
[    0.514494] pci 0000:00:00.0: Limiting direct PCI/PCI transfers
[    0.516490] pci 0000:00:01.0: Activating ISA DMA hang workarounds
[    0.518579] pci 0000:00:02.0: Video device with shadowed ROM at [mem 0x000c0000-0x000dffff]
[    0.521539] Unpacking initramfs...
[    2.142519] Freeing initrd memory: 12296K
[    2.145295] PCI-DMA: Using software bounce buffering for IO (SWIOTLB)
[    2.152147] software IO TLB [mem 0xdbff0000-0xdfff0000] (64MB) mapped at [ffff906a9bff0000-ffff906a9ffeffff]
[    2.165455] platform rtc_cmos: registered platform RTC device (no PNP device found)
[    2.172707] Scanning for low memory corruption every 60 seconds
[    2.174910] audit: initializing netlink subsys (disabled)
[    2.177007] Initialise system trusted keyrings
[    2.181795] audit: type=2000 audit(1547305718.430:1): state=initialized audit_enabled=0 res=1
[    2.196980] Key type blacklist registered
[    2.203706] workingset: timestamp_bits=36 max_order=20 bucket_order=0
[    2.206633] zbud: loaded
[    2.214579] squashfs: version 4.0 (2009/01/31) Phillip Lougher
[    2.218866] fuse init (API version 7.26)
[    2.225316] Key type asymmetric registered
[    2.231372] Asymmetric key parser 'x509' registered
[    2.250719] Block layer SCSI generic (bsg) driver version 0.4 loaded (major 247)
[    2.255829] io scheduler noop registered
[    2.257223] io scheduler deadline registered
[    2.263603] io scheduler cfq registered (default)
[    2.274902] ACPI: AC Adapter [AC] (on-line)
[    2.276406] input: Power Button as /devices/LNXSYSTM:00/LNXPWRBN:00/input/input0
[    2.278947] ACPI: Power Button [PWRF]
[    2.280353] input: Sleep Button as /devices/LNXSYSTM:00/LNXSLPBN:00/input/input1
[    2.284757] ACPI: Sleep Button [SLPF]
[    2.286202] GHES: HEST is not enabled!
[    2.288128] virtio-pci 0000:00:03.0: virtio_pci: leaving for legacy driver
[    2.295310] Serial: 8250/16550 driver, 32 ports, IRQ sharing enabled
[    2.331217] 00:02: ttyS0 at I/O 0x3f8 (irq = 4, base_baud = 115200) is a 16550A
[    2.335816] Linux agpgart interface v0.103
[    2.338209] loop: module loaded
[    2.342858] scsi host0: ata_piix
[    2.354862] scsi host1: ata_piix
[    2.357986] ata1: PATA max UDMA/33 cmd 0x1f0 ctl 0x3f6 bmdma 0xd000 irq 14
[    2.365845] ata2: PATA max UDMA/33 cmd 0x170 ctl 0x376 bmdma 0xd008 irq 15
[    2.376299] libphy: Fixed MDIO Bus: probed
[    2.377724] tun: Universal TUN/TAP device driver, 1.6
[    2.383897] PPP generic driver version 2.4.2
[    2.385415] ehci_hcd: USB 2.0 'Enhanced' Host Controller (EHCI) Driver
[    2.390526] ehci-pci: EHCI PCI platform driver
[    2.395514] ehci-platform: EHCI generic platform driver
[    2.404853] ohci_hcd: USB 1.1 'Open' Host Controller (OHCI) Driver
[    2.411417] ohci-pci: OHCI PCI platform driver
[    2.412964] ohci-platform: OHCI generic platform driver
[    2.414741] uhci_hcd: USB Universal Host Controller Interface driver
[    2.416852] i8042: PNP: PS/2 Controller [PNP0303:PS2K,PNP0f03:PS2M] at 0x60,0x64 irq 1,12
[    2.420021] serio: i8042 KBD port at 0x60,0x64 irq 1
[    2.435840] serio: i8042 AUX port at 0x60,0x64 irq 12
[    2.437621] mousedev: PS/2 mouse device common for all mice
[    2.439755] input: AT Translated Set 2 keyboard as /devices/platform/i8042/serio0/input/input2
[    2.443127] rtc_cmos rtc_cmos: rtc core: registered rtc_cmos as rtc0
[    2.445418] rtc_cmos rtc_cmos: alarms up to one day, 114 bytes nvram
[    2.464893] i2c /dev entries driver
[    2.467536] device-mapper: uevent: version 1.0.3
[    2.484869] device-mapper: ioctl: 4.37.0-ioctl (2017-09-20) initialised: dm-devel@redhat.com
[    2.506350] ledtrig-cpu: registered to indicate activity on CPUs
[    2.510925] NET: Registered protocol family 10
[    2.516793] Segment Routing with IPv6
[    2.518182] NET: Registered protocol family 17
[    2.535612] Key type dns_resolver registered
[    2.545971] RAS: Correctable Errors collector initialized.
[    2.547860] sched_clock: Marking stable (2545743919, 0)->(3425882114, -880138195)
[    2.550586] registered taskstats version 1
[    2.554223] Loading compiled-in X.509 certificates
[    2.560414] Loaded X.509 cert 'Build time autogenerated kernel key: d56b251149d5ea1d12d54032a8b6a4c4d5cc0c81'
[    2.563974] zswap: loaded using pool lzo/zbud
[    2.567648] Key type big_key registered
[    2.575294] Key type trusted registered
[    2.586241] Key type encrypted registered
[    2.587679] AppArmor: AppArmor sha1 policy hashing enabled
[    2.595762] ima: No TPM chip found, activating TPM-bypass! (rc=-19)
[    2.597844] evm: HMAC attrs: 0x1
[    2.599318]   Magic number: 3:525:133
[    2.600700] rtc_cmos rtc_cmos: setting system clock to 2019-01-12 15:08:34 UTC (1547305714)
[    2.606738] BIOS EDD facility v0.16 2004-Jun-25, 0 devices found
[    2.610964] EDD information not available.
[    2.617600] Freeing unused kernel memory: 2376K
[    2.628679] Write protecting the kernel read-only data: 18432k
[    2.631049] Freeing unused kernel memory: 2024K
[    2.644981] Freeing unused kernel memory: 96K
[    2.656101] x86/mm: Checked W+X mappings: passed, no W+X pages found.
[    2.660409] x86/mm: Checking user space page tables
[    2.664407] x86/mm: Checked W+X mappings: passed, no W+X pages found.
Loading, please wait...
starting version 234
[    2.777355] Fusion MPT base driver 3.04.20
[    2.784204] Copyright (c) 1999-2008 LSI Corporation
[    2.806002] AVX version of gcm_enc/dec engaged.
[    2.807692] AES CTR mode by8 optimization enabled
[    2.823300] Fusion MPT SPI Host driver 3.04.20
[    2.850374] mptbase: ioc0: Initiating bringup
[    2.855567] virtio_net virtio0 enp0s3: renamed from eth0
[    2.945351] ioc0: LSI53C1030 A0: Capabilities={Initiator}
[    2.994007] input: ImExPS/2 Generic Explorer Mouse as /devices/platform/i8042/serio1/input/input4
[    3.169013] tsc: Refined TSC clocksource calibration: 3498.727 MHz
[    3.171283] clocksource: tsc: mask: 0xffffffffffffffff max_cycles: 0x326e9ee3001, max_idle_ns: 440795339839 ns
[    3.205709] scsi host2: ioc0: LSI53C1030 A0, FwRev=00000000h, Ports=1, MaxQ=256, IRQ=20
[    3.377431] scsi 2:0:0:0: Direct-Access     VBOX     HARDDISK         1.0  PQ: 0 ANSI: 5
[    3.380261] scsi target2:0:0: Beginning Domain Validation
[    3.383605] scsi target2:0:0: Domain Validation skipping write tests
[    3.385813] scsi target2:0:0: Ending Domain Validation
[    3.389398] scsi target2:0:0: asynchronous
[    3.392558] scsi 2:0:1:0: Direct-Access     VBOX     HARDDISK         1.0  PQ: 0 ANSI: 5
[    3.395318] scsi target2:0:1: Beginning Domain Validation
[    3.401950] scsi target2:0:1: Domain Validation skipping write tests
[    3.404229] scsi target2:0:1: Ending Domain Validation
[    3.406159] scsi target2:0:1: asynchronous
[    3.411994] sd 2:0:0:0: Attached scsi generic sg0 type 0
[    3.413929] sd 2:0:0:0: [sda] 20971520 512-byte logical blocks: (10.7 GB/10.0 GiB)
[    3.418660] sd 2:0:1:0: Attached scsi generic sg1 type 0
[    3.420652] sd 2:0:1:0: [sdb] 20480 512-byte logical blocks: (10.5 MB/10.0 MiB)
[    3.432051] sd 2:0:0:0: [sda] Write Protect is off
[    3.433707] sd 2:0:1:0: [sdb] Write Protect is off
[    3.455378] sd 2:0:0:0: [sda] Incomplete mode parameter data
[    3.457257] sd 2:0:0:0: [sda] Assuming drive cache: write through
[    3.459462] sd 2:0:1:0: [sdb] Incomplete mode parameter data
[    3.461359] sd 2:0:1:0: [sdb] Assuming drive cache: write through
[    3.464896]  sda: sda1
[    3.466574] sd 2:0:0:0: [sda] Attached SCSI disk
[    3.468802] sd 2:0:1:0: [sdb] Attached SCSI disk
[    5.857147] floppy0: no floppy controllers found
Begin: Loading essential drivers ... [    7.196045] raid6: sse2x1   gen() 10742 MB/s
[    7.252167] raid6: sse2x1   xor()  7774 MB/s
[    7.320089] raid6: sse2x2   gen() 12083 MB/s
[    7.368065] raid6: sse2x2   xor()  5912 MB/s
[    7.423458] raid6: sse2x4   gen() 16536 MB/s
[    7.483409] raid6: sse2x4   xor() 12172 MB/s
[    7.484911] raid6: using algorithm sse2x4 gen() 16536 MB/s
[    7.492149] raid6: .... xor() 12172 MB/s, rmw enabled
[    7.494964] raid6: using ssse3x2 recovery algorithm
[    7.500133] xor: automatically using best checksumming function   avx       
[    7.513259] async_tx: api initialized (async)
done.
Begin: Running /scripts/init-premount ... done.
Begin: Mounting root file system ... Begin: Running /scripts/local-top ... done.
Begin: Running /scripts/local-premount ... [    7.562999] Btrfs loaded, crc32c=crc32c-intel
Scanning for Btrfs filesystems
done.
Warning: fsck not present, so skipping root file system
[    7.592912] EXT4-fs (sda1): mounted filesystem with ordered data mode. Opts: (null)
done.
Begin: Running /scripts/local-bottom ... done.
Begin: Running /scripts/init-bottom ... /scripts/init-bottom/plymouth: line 18: /bin/plymouth: not found
done.
[    7.715475] ip_tables: (C) 2000-2006 Netfilter Core Team
[    7.732925] systemd[1]: systemd 234 running in system mode. (+PAM +AUDIT +SELINUX +IMA +APPARMOR +SMACK +SYSVINIT +UTMP +LIBCRYPTSETUP +GCRYPT +GNUTLS +ACL +XZ +LZ4 +SECCOMP +BLKID +ELFUTILS +KMOD -IDN2 +IDN default-hierarchy=hybrid)
[    7.739682] systemd[1]: Detected virtualization oracle.
[    7.745843] systemd[1]: Detected architecture x86-64.

Welcome to [1mUbuntu 17.10[0m!

[    7.764395] systemd[1]: Set hostname to <ubuntu>.
[    7.768388] systemd[1]: Initializing machine ID from random generator.
[    7.770812] systemd[1]: Installed transient /etc/machine-id file.
[    7.951682] systemd[1]: Reached target User and Group Name Lookups.
[[0;32m  OK  [0m] Reached target User and Group Name Lookups.
[    7.958455] systemd[1]: Listening on udev Control Socket.
[[0;32m  OK  [0m] Listening on udev Control Socket.
[    7.962675] systemd[1]: Listening on Network Service Netlink Socket.
[[0;32m  OK  [0m] Listening on Network Service Netlink Socket.
[    7.967472] systemd[1]: Listening on udev Kernel Socket.
[[0;32m  OK  [0m] Listening on udev Kernel Socket.
[[0;32m  OK  [0m] Set up automount Arbitrary Executab…rmats File System Automount Point.
[[0;32m  OK  [0m] Started Forward Password Requests to Wall Directory Watch.
[[0;32m  OK  [0m] Listening on Journal Socket (/dev/log).
[[0;32m  OK  [0m] Created slice System Slice.
         Mounting Kernel Debug File System...
         Mounting POSIX Message Queue File System...
[[0;32m  OK  [0m] Listening on Device-mapper event daemon FIFOs.
[[0;32m  OK  [0m] Listening on LVM2 metadata daemon socket.
[[0;32m  OK  [0m] Listening on LVM2 poll daemon socket.
[[0;32m  OK  [0m] Listening on Journal Audit Socket.
[[0;32m  OK  [0m] Created slice system-serial\x2dgetty.slice.
[[0;32m  OK  [0m] Listening on Journal Socket.
         Starting Set the console keyboard layout...
         Starting Remount Root and Kernel File Systems...
         Starting Create list of required st…ce nodes for the current kernel...
         Starting Uncomplicated firewall...
[[0;32m  OK  [0m] Listening on Syslog Socket.
[[0;32m  OK  [0m] Listening on /dev/initctl Compatibility Named Pipe.
[[0;32m  OK  [0m] Reached target System Time Synchronized.
[[0;32m  OK  [0m] Reached target Swap.
[[0;32m  OK  [0m] Created slice User and Session Slice.
[[0;32m  OK  [0m] Reached target Slices.
         Starting Load Kernel Modules...
         Starting Journal Service...
         Mounting Huge Pages File System...
         Starting Monitoring of LVM2 mirrors…ng dmeventd or progress polling...
[[0;32m  OK  [0m] Started Create list of required sta…vice nodes for the current kernel.
[[0;32m  OK  [0m] Started Uncomplicated firewall.
[    8.103748] Loading iSCSI transport class v2.0-870.
         Starting Create Static Device Nodes in /dev...
[[0;32m  OK  [0m] Started Journal Service.
[[0;32m  OK  [0m] Started Create Static Device Nodes in /dev.
         Starting udev Kernel Device Manager...
[    8.192286] iscsi: registered transport (tcp)
[    8.206619] iscsi: registered transport (iser)
[[0;32m  OK  [0m] Started Load Kernel Modules.
         Starting Apply Kernel Variables...
         Mounting Kernel Configuration File System...
         Mounting FUSE Control File System...
[[0;32m  OK  [0m] Mounted Kernel Debug File System.
[[0;32m  OK  [0m] Mounted POSIX Message Queue File System.
[[0;32m  OK  [0m] Mounted Huge Pages File System.
[[0;32m  OK  [0m] Mounted Kernel Configuration File System.
[[0;32m  OK  [0m] Mounted FUSE Control File System.
[[0;32m  OK  [0m] Started LVM2 metadata daemon.
[[0;32m  OK  [0m] Started udev Kernel Device Manager.
[    8.271690] EXT4-fs (sda1): re-mounted. Opts: (null)
[[0;32m  OK  [0m] Started Remount Root and Kernel File Systems.
         Starting Flush Journal to Persistent Storage...
         Starting udev Coldplug all Devices...
         Starting Load/Save Random Seed...
[[0;32m  OK  [0m] Started Monitoring of LVM2 mirrors,…sing dmeventd or progress polling.
[[0;32m  OK  [0m] Started Apply Kernel Variables.
[[0;32m  OK  [0m] Started Load/Save Random Seed.
[[0;32m  OK  [0m] Started Flush Journal to Persistent Storage.
[[0;32m  OK  [0m] Started Set the console keyboard layout.
[[0;32m  OK  [0m] Reached target Local File Systems (Pre).
[[0;32m  OK  [0m] Reached target Local File Systems.
         Starting ebtables ruleset management...
         Starting Set console font and keymap...
         Starting Commit a transient machine-id on disk...
         Starting Initial cloud-init job (pre-networking)...
         Starting Tell Plymouth To Write Out Runtime Data...
         Starting AppArmor initialization...
         Starting Create Volatile Files and Directories...
[[0;32m  OK  [0m] Started udev Coldplug all Devices.
[[0;32m  OK  [0m] Started Dispatch Password Requests to Console Directory Watch.
[[0;32m  OK  [0m] Reached target Encrypted Volumes.
[[0;32m  OK  [0m] Started Set console font and keymap.
[[0;32m  OK  [0m] Started Tell Plymouth To Write Out Runtime Data.
[[0;32m  OK  [0m] Started Commit a transient machine-id on disk.
[[0;32m  OK  [0m] Started Create Volatile Files and Directories.
         Starting Update UTMP about System Boot/Shutdown...
[[0;32m  OK  [0m] Started Update UTMP about System Boot/Shutdown.
[[0;32m  OK  [0m] Started ebtables ruleset management.
[[0;32m  OK  [0m] Found device /dev/ttyS0.
[[0;32m  OK  [0m] Listening on Load/Save RF Kill Switch Status /dev/rfkill Watch.
[[0;32m  OK  [0m] Started AppArmor initialization.
[   10.880450] cloud-init[430]: Cloud-init v. 18.2 running 'init-local' at Sat, 12 Jan 2019 15:08:41 +0000. Up 9.97 seconds.
[[0;32m  OK  [0m] Started Initial cloud-init job (pre-networking).
[[0;32m  OK  [0m] Reached target Network (Pre).
         Starting Network Service...
[[0;32m  OK  [0m] Started Network Service.
[[0;32m  OK  [0m] Reached target Network.
         Starting Wait for Network to be Configured...
         Starting Network Name Resolution...
[[0;32m  OK  [0m] Started Network Name Resolution.
[[0;32m  OK  [0m] Reached target Host and Network Name Lookups.
[[0m[0;31m*     [0m] A start job is running for Wait for…k to be Configured (8s / no limit)[K[[0;1;31m*[0m[0;31m*    [0m] A start job is running for Wait for…k to be Configured (8s / no limit)[K[[0;31m*[0;1;31m*[0m[0;31m*   [0m] A start job is running for Wait for…k to be Configured (9s / no limit)[K[ [0;31m*[0;1;31m*[0m[0;31m*  [0m] A start job is running for Wait for… to be Configured (10s / no limit)[K[  [0;31m*[0;1;31m*[0m[0;31m* [0m] A start job is running for Wait for… to be Configured (10s / no limit)[K[   [0;31m*[0;1;31m*[0m[0;31m*[0m] A start job is running for Wait for… to be Configured (11s / no limit)[K[    [0;31m*[0;1;31m*[0m] A start job is running for Wait for… to be Configured (11s / no limit)[K[     [0;31m*[0m] A start job is running for Wait for… to be Configured (12s / no limit)[K[    [0;31m*[0;1;31m*[0m] A start job is running for Wait for… to be Configured (13s / no limit)[K[   [0;31m*[0;1;31m*[0m[0;31m*[0m] A start job is running for Wait for… to be Configured (13s / no limit)[K[  [0;31m*[0;1;31m*[0m[0;31m* [0m] A start job is running for Wait for… to be Configured (14s / no limit)[K[ [0;31m*[0;1;31m*[0m[0;31m*  [0m] A start job is running for Wait for… to be Configured (14s / no limit)[K[[0;31m*[0;1;31m*[0m[0;31m*   [0m] A start job is running for Wait for… to be Configured (15s / no limit)[K[[0;1;31m*[0m[0;31m*    [0m] A start job is running for Wait for… to be Configured (15s / no limit)[K[[0;32m  OK  [0m] Started Wait for Network to be Configured.
         Starting Initial cloud-init job (metadata service crawler)...
[   25.928243] cloud-init[616]: Cloud-init v. 18.2 running 'init' at Sat, 12 Jan 2019 15:08:56 +0000. Up 24.99 seconds.
[   25.933995] cloud-init[616]: ci-info: +++++++++++++++++++++++++++++Net device info++++++++++++++++++++++++++++++
[   25.944863] cloud-init[616]: ci-info: +---------+------+-----------+---------------+-------+-------------------+
[   25.953165] cloud-init[616]: ci-info: |  Device |  Up  |  Address  |      Mask     | Scope |     Hw-Address    |
[   25.967382] cloud-init[616]: ci-info: +---------+------+-----------+---------------+-------+-------------------+
[   25.971804] cloud-init[616]: ci-info: | enp0s3: | True | 10.0.2.15 | 255.255.255.0 |   .   | 02:90:91:6e:cf:9a |
[   25.980631] cloud-init[616]: ci-info: | enp0s3: | True |     .     |       .       |   d   | 02:90:91:6e:cf:9a |
[   25.992471] cloud-init[616]: ci-info: |   lo:   | True | 127.0.0.1 |   255.0.0.0   |   .   |         .         |
[[0;32m  OK  [0m] Started Initial cloud-init job (metadata service crawler).[   26.017931] cloud-init[616]: ci-info: |   lo:   | True |     .     |       .       |   d   |         .         |
[   26.019225] cloud-init[616]: ci-info: +---------+------+-----------+---------------+-------+-------------------+
[   26.019553] cloud-init[616]: ci-info: ++++++++++++++++++++++++++++Route IPv4 info+++++++++++++++++++++++++++++

[[0;32m  OK  [0m] Reached target Cloud-config availability.
[[0;32m  OK  [0m] Reached target Network is Online.
         Starting iSCSI initiator daemon (iscsid)...
[[0;32m  OK  [0m] Reached target System Initialization.
[[0;32m  OK  [0m] Listening on ACPID Listen Socket.
[[0;32m  OK  [0m] Started systemd-resolved-update-resolvconf.path.
         Starting Socket activation for snappy daemon.
[[0;32m  OK  [0m] Started Daily Cleanup of Temporary Directories.
[   26.019895] cloud-init[616]: ci-info: +-------+-------------+----------+-----------------+-----------+-------+
[[0;32m  OK  [0m] Listening on UUID daemon activation socket.[   26.061360] cloud-init[616]: ci-info: | Route | Destination | Gateway  |     Genmask     | Interface | Flags |
[[0;32m  OK  [0m] Started Daily apt download activities.
[   26.070755] cloud-init[616]: 
[[0;32m  OK  [0m] Started Message of the Day.
ci-info: +-------+-------------+----------+-----------------+-----------+-------+
[[0;32m  OK  [0m] Started ACPI Events Check.[   26.080227] cloud-init[616]: ci-info: |   0   |   0.0.0.0   | 10.0.2.2 |     0.0.0.0     |   enp0s3  |   UG  |
[   26.084063] 
[[0;32m  OK  [0m] Reached target Paths.
         Starting LXD - unix socket.
[[0;32m  OK  [0m] Listening on D-Bus System Message Bus Socket.
[cloud-init[0;32m  OK  [0m] Started Daily apt upgrade and clean activities.[616]: 
[[0;32m  OK  [0m] Reached target Timers.
ci-info: |   1   |   10.0.2.0  | 0.0.0.0  |  255.255.255.0  |   enp0s3  |   U   |[[0;32m  OK  [0m] Listening on Socket activation for snappy daemon.

[   26.115840] [[0;32m  OK  [0m] Listening on LXD - unix socket.
[[0;32m  OK  [0m] Reached target Sockets.
[[0;32m  OK  [0m] Reached target Basic System.
         Starting System Logging Service...
         Starting Apply the settings specified in cloud-config...
[[0;32m  OK  [0m] Started Deferred execution scheduler.
[[0;32m  OK  [0m] Started Regular background program processing daemon.
[[0;32m  OK  [0m] Started Unattended Upgrades Shutdown.
cloud-init[616]: ci-info: |   2   |   10.0.2.2  | 0.0.0.0  | 255.255.255.255 |   enp0s3  |   UH  |
[   26.151892] cloud-init[616]: ci-info: +-------+-------------+----------+-----------------+-----------+-------+
[   26.155787] cloud-init[616]: Generating public/private rsa key pair.
[   26.161668] cloud-init[616]: Your identification has been saved in /etc/ssh/ssh_host_rsa_key.
[   26.180139] cloud-init[616]: Your public key has been saved in /etc/ssh/ssh_host_rsa_key.pub.
         Starting Snappy daemon...
[[0;32m  OK  [0m] Started irqbalance daemon.
         Starting Virtualbox guest utils...
[   26.201980] cloud-init[616]: The key fingerprint is:         Starting Accounts Service...
         Starting LXD - container startup/shutdown...
[[0;32m  OK  [0m] Started D-Bus System Message Bus.

[   26.232583] cloud-init[616]: SHA256:J82g/RaysrtnjjYRIJ/GqzDU7HTNbZ/O3X0kaavcdAM root@ubuntu-artful
[   26.237305] cloud-init[616]: The key's randomart image is:
[   26.241491] cloud-init[616]: +---[RSA 2048]----+
[   26.247048] cloud-init[616]: |                 |
[   26.260160] cloud-init[616]: |  . .            |
[   26.274551] cloud-init[616]: |  o+ oo o        |
[   26.284221] cloud-init[616]: | . +=..= *       |
[   26.305051] cloud-init[616]: |. o.....S * .E . |
[   26.313677] cloud-init[616]: |o  .. .  * +  = .|
[   26.325204] cloud-init[616]: | o .  ... = ..o=o|
[   26.341857] cloud-init[616]: |  .   o+o. + +.o+|
[   26.351457] cloud-init[616]: |     .=B.   o.. .|
[   26.358779] cloud-init[616]: +----[SHA256]-----+
[   26.369550] cloud-init[616]: Generating public/private dsa key pair.
[   26.386739]          Starting LSB: Record successful boot for GRUB...
cloud-init[616]: Your identification has been saved in /etc/ssh/ssh_host_dsa_key.
[   26.414167] cloud-init[616]: Your public key has been saved in /etc/ssh/ssh_host_dsa_key.pub.
[   26.433474] cloud-init[616]:          Starting Pollinate to seed the pseudo random number generator...The key fingerprint is:

[[0;32m  OK  [0m[   26.448624] cloud-init] Started FUSE filesystem for LXC.
[616]: SHA256:FjGH+loYqHXOC8Lju5pzKZf8pXo0z6sMh5rEmyQwM3w root@ubuntu-artful         Starting Login Service...
[[0;32m  OK  [0m] Started System Logging Service.
[[0;32m  OK  [0m] Started iSCSI initiator daemon (iscsid).

[   26.474947] cloud-init[616]: The key's randomart image is:
[   26.495300] cloud-init[616]: +---[DSA 1024]----+
[   26.498117] cloud-init[616]: |        o..      |
[   26.500970] cloud-init[616]: |        .+       |
[   26.505663] cloud-init[616]: |     . ..        |
[   26.530841] cloud-init[616]: |.   o +  .       |
[   26.539409] cloud-init[616]: |=o E + +S        |
         Starting Authorization Manager...
[[0;32m  OK  [0m] Reached target Remote File Systems (Pre).
[[0;32m  OK  [0m] Reached target Remote File Systems.
[   26.565615] cloud-init[616]: |o+*.+ +.o        |
         Starting LSB: automatic crash report generation...
         Starting Permit User Sessions...
[[0;32m  OK  [0m] Started Login Service.
[   26.592634] cloud-init[616]: |.*o*.=.+         |
[   26.609921] cloud-init[616]: |*+X+.o=          |
[   26.613331] cloud-init[616]: |=O+*=...         |
[   26.617573] cloud-init[616]: +----[SHA256]-----+
[   26.625983] cloud-init[616]: Generating public/private ecdsa key pair.
[   26.641635] cloud-init[616]: Your identification has been saved in /etc/ssh/ssh_host_ecdsa_key.
[   26.660192] cloud-init[616]: Your public key has been saved in /etc/ssh/ssh_host_ecdsa_key.pub.
[   26.678538] cloud-init[616]: The key fingerprint is:
[[0;32m  OK  [0m] Started Permit User Sessions.
         Starting Hold until boot process finishes up...
         Starting Terminate Plymouth Boot Screen...
[[0;32m  OK  [0m] Started Hold until boot process finishes up.
         Starting Set console scheme...
[[0;32m  OK  [0m] Started Serial Getty on ttyS0.
[   26.721425] [[0;32m  OK  [0m] Started Terminate Plymouth Boot Screen.
cloud-init[616]: SHA256:pLi2qtzGeilV4qC0oLXyuGFN9K/5TgR04BmBfQeDPfs root@ubuntu-artful
[   26.761050] cloud-init[616]: The key's randomart image is:
[[0;32m  OK  [0m] Started LSB: Record successful boot for GRUB.
[   26.786623] [[0;32m  OK  [0m] Started Snappy daemon.cloud-init
         Starting Wait until snapd is fully seeded...
[[0;32m  OK  [0m] Started Set console scheme.
[[0;32m  OK  [0m] Created slice system-getty.slice.
[[0;32m  OK  [0m] Started Getty on tty1.
[[0;32m  OK  [0m] Reached target Login Prompts.
[616]: [[0;32m  OK  [0m] Started Authorization Manager.
[[0;32m  OK  [0m] Started Accounts Service.
+---[ECDSA 256]---+
[   26.839773] cloud-init[616]: |    o==+.        |
[   26.846998] cloud-init[616]: |   .oo++..       |
[[0;32m  OK  [0m[   26.856520] cloud-init[616]: |   . +. =        |] Started LSB: automatic crash report generation.

[   26.864098] cloud-init[616]: |.oo..o.+         |
[   26.878356] cloud-init[616]: |=.+o+...S        |
[   26.892586] cloud-init[616]: |+.+o .o  E       |
[   26.905830] cloud-init[616]: |.=o.+  o         |
[   26.915041] cloud-init[616]: |+oo* .+          |
[   26.926802] cloud-init[616]: |o=*o.ooo         |
[   26.930934] cloud-init[616]: +----[SHA256]-----+
[   26.934346] cloud-init[616]: Generating public/private ed25519 key pair.
[   26.949915] cloud-init[616]: Your identification has been saved in /etc/ssh/ssh_host_ed25519_key.
[   26.957662] cloud-init[616]: Your public key has been saved in /etc/ssh/ssh_host_ed25519_key.pub.
[   26.962552] cloud-init[616]: The key fingerprint is:
[   26.969671] cloud-init[616]: SHA256:/IygaruMxRB8XzhY0VRx5XdsU8eDNNVcxVoSHsgYj34 root@ubuntu-artful
[   26.983766] cloud-init[616]: The key's randomart image is:
[   26.991654] cloud-init[616]: +--[ED25519 256]--+
[   27.004398] cloud-init[616]: |     o+..oo=o==*O|
[   27.013269] [[0;32m  OK  [0m] Started Virtualbox guest utils.
cloud-init[616]: |.   o ..  oo+oo+O|
[   27.039502] cloud-init[616]: |.. o o .  . ...*=|
[   27.046993] cloud-init[616]: | .. . o. .    o.o|
[   27.053583] cloud-init[616]: |.    .. S . E    |
[   27.067495] cloud-init[616]: | o   . . + .     |
[   27.074592] cloud-init[616]: |  o .   . o      |
[   27.082862] cloud-init[616]: | +..             |
[   27.088795] cloud-init[616]: |..=o             |
[   27.094100] cloud-init[616]: +----[SHA256]-----+
[[0;32m  OK  [0m] Started LXD - container startup/shutdown.
[[0;32m  OK  [0m] Started Pollinate to seed the pseudo random number generator.
         Starting OpenBSD Secure Shell server...
[[0;32m  OK  [0m] Started OpenBSD Secure Shell server.
[[0;32m  OK  [0m] Created slice User Slice of vagrant.
         Starting User Manager for UID 1000...
[[0;32m  OK  [0m] Started Session 1 of user vagrant.
[[0;32m  OK  [0m] Started User Manager for UID 1000.
[   28.550136] cloud-init[742]: Cloud-init v. 18.2 running 'modules:config' at Sat, 12 Jan 2019 15:08:59 +0000. Up 27.60 seconds.
[[0;32m  OK  [0m] Started Apply the settings specified in cloud-config.
[[0;32m  OK  [0m] Started Wait until snapd is fully seeded.
[[0;32m  OK  [0m] Reached target Multi-User System.
[[0;32m  OK  [0m] Reached target Graphical Interface.
         Starting Update UTMP about System Runlevel Changes...
         Starting Execute cloud user/final scripts...
[[0;32m  OK  [0m] Started Update UTMP about System Runlevel Changes.
ci-info: no authorized ssh keys fingerprints found for user ubuntu.
<14>Jan 12 15:09:02 ec2: 
<14>Jan 12 15:09:02 ec2: #############################################################
<14>Jan 12 15:09:02 ec2: -----BEGIN SSH HOST KEY FINGERPRINTS-----
<14>Jan 12 15:09:02 ec2: 1024 SHA256:FjGH+loYqHXOC8Lju5pzKZf8pXo0z6sMh5rEmyQwM3w root@ubuntu-artful (DSA)
<14>Jan 12 15:09:02 ec2: 256 SHA256:pLi2qtzGeilV4qC0oLXyuGFN9K/5TgR04BmBfQeDPfs root@ubuntu-artful (ECDSA)
<14>Jan 12 15:09:02 ec2: 256 SHA256:/IygaruMxRB8XzhY0VRx5XdsU8eDNNVcxVoSHsgYj34 root@ubuntu-artful (ED25519)
<14>Jan 12 15:09:02 ec2: 2048 SHA256:J82g/RaysrtnjjYRIJ/GqzDU7HTNbZ/O3X0kaavcdAM root@ubuntu-artful (RSA)
<14>Jan 12 15:09:02 ec2: -----END SSH HOST KEY FINGERPRINTS-----
<14>Jan 12 15:09:02 ec2: #############################################################
-----BEGIN SSH HOST KEY KEYS-----
ecdsa-sha2-nistp256 AAAAE2VjZHNhLXNoYTItbmlzdHAyNTYAAAAIbmlzdHAyNTYAAABBBA04F0m8DHGkdxB33sAthFdmbBwCd60Dy0KcMnYkw9T52LedJKpgLdVUexegb6BMTrvOhvs+x5RWjJttEYs+AIU= root@ubuntu-artful
ssh-ed25519 AAAAC3NzaC1lZDI1NTE5AAAAIC+H7plUd5Dnfv/lQZVvfHcIjiMRe/Jldn08MqpbWWdI root@ubuntu-artful
ssh-rsa AAAAB3NzaC1yc2EAAAADAQABAAABAQDnfJSWw7shZWJcyagBCKwbjgi+UnxST+gx0smwjWz/gNCekqOZ/OalG9YyG4T/Qywlqq+gpxpziTT4vPa3wdRE61xIZbCSBlLsbBSXhwbGHSU6/iiH/K3nWZipA+u+cI0JwI/GKhzVto6rI3D94C9zzTTLYtzjHSN5ZErFI86Pe1CTv3z06zXd7pAxpnY2ggD+Dnd7unDq0RHO/mzxdXLSdbyklEmd3S6QDuudyMD7lPRH0oZ8LRIl7SGkjcsOi3C4iUCEfoqtSqz0EtUeTJ1+WFrS9s4JHNxBibeUaU2tIGUt4KGmX8IlsBZidxY8UbPpKZ0nCPa8t+xCd+A7e37V root@ubuntu-artful
-----END SSH HOST KEY KEYS-----
[   30.504655] cloud-init[1004]: Cloud-init v. 18.2 running 'modules:final' at Sat, 12 Jan 2019 15:09:01 +0000. Up 29.91 seconds.
[   30.516558] cloud-init[1004]: ci-info: no authorized ssh keys fingerprints found for user ubuntu.
[   30.528591] cloud-init[1004]: Cloud-init v. 18.2 finished at Sat, 12 Jan 2019 15:09:02 +0000. Datasource DataSourceNoCloud [seed=/dev/sdb][dsmode=net].  Up 30.49 seconds
[[0;32m  OK  [0m] Started Execute cloud user/final scripts.
[[0;32m  OK  [0m] Reached target Cloud-init target.

Ubuntu 17.10 ubuntu-artful ttyS0

ubuntu-artful login: 